Determining if the pthread_create exist failed with the following output:
Change Dir: /home/karthik/git_repositories/NuLocale/build/CMakeFiles/CMakeTmp

Run Build Command:"/usr/bin/make" "cmTryCompileExec1595458233/fast"
/usr/bin/make -f CMakeFiles/cmTryCompileExec1595458233.dir/build.make CMakeFiles/cmTryCompileExec1595458233.dir/build
make[1]: Entering directory '/home/karthik/git_repositories/NuLocale/build/CMakeFiles/CMakeTmp'
/usr/bin/cmake -E cmake_progress_report /home/karthik/git_repositories/NuLocale/build/CMakeFiles/CMakeTmp/CMakeFiles 1
Building C object CMakeFiles/cmTryCompileExec1595458233.dir/CheckSymbolExists.c.o
/usr/bin/cc    -o CMakeFiles/cmTryCompileExec1595458233.dir/CheckSymbolExists.c.o   -c /home/karthik/git_repositories/NuLocale/build/CMakeFiles/CMakeTmp/CheckSymbolExists.c
Linking C executable cmTryCompileExec1595458233
/usr/bin/cmake -E cmake_link_script CMakeFiles/cmTryCompileExec1595458233.dir/link.txt --verbose=1
/usr/bin/cc       CMakeFiles/cmTryCompileExec1595458233.dir/CheckSymbolExists.c.o  -o cmTryCompileExec1595458233 -rdynamic 
CMakeFiles/cmTryCompileExec1595458233.dir/CheckSymbolExists.c.o: In function `main':
CheckSymbolExists.c:(.text+0x16): undefined reference to `pthread_create'
collect2: error: ld returned 1 exit status
CMakeFiles/cmTryCompileExec1595458233.dir/build.make:88: recipe for target 'cmTryCompileExec1595458233' failed
make[1]: *** [cmTryCompileExec1595458233] Error 1
make[1]: Leaving directory '/home/karthik/git_repositories/NuLocale/build/CMakeFiles/CMakeTmp'
Makefile:118: recipe for target 'cmTryCompileExec1595458233/fast' failed
make: *** [cmTryCompileExec1595458233/fast] Error 2

File /home/karthik/git_repositories/NuLocale/build/CMakeFiles/CMakeTmp/CheckSymbolExists.c:
/* */
#include <pthread.h>

int main(int argc, char** argv)
{
  (void)argv;
#ifndef pthread_create
  return ((int*)(&pthread_create))[argc];
#else
  (void)argc;
  return 0;
#endif
}

Determining if the function pthread_create exists in the pthreads failed with the following output:
Change Dir: /home/karthik/git_repositories/NuLocale/build/CMakeFiles/CMakeTmp

Run Build Command:"/usr/bin/make" "cmTryCompileExec529829851/fast"
/usr/bin/make -f CMakeFiles/cmTryCompileExec529829851.dir/build.make CMakeFiles/cmTryCompileExec529829851.dir/build
make[1]: Entering directory '/home/karthik/git_repositories/NuLocale/build/CMakeFiles/CMakeTmp'
/usr/bin/cmake -E cmake_progress_report /home/karthik/git_repositories/NuLocale/build/CMakeFiles/CMakeTmp/CMakeFiles 1
Building C object CMakeFiles/cmTryCompileExec529829851.dir/CheckFunctionExists.c.o
/usr/bin/cc   -DCHECK_FUNCTION_EXISTS=pthread_create   -o CMakeFiles/cmTryCompileExec529829851.dir/CheckFunctionExists.c.o   -c /usr/share/cmake-3.0/Modules/CheckFunctionExists.c
Linking C executable cmTryCompileExec529829851
/usr/bin/cmake -E cmake_link_script CMakeFiles/cmTryCompileExec529829851.dir/link.txt --verbose=1
/usr/bin/cc   -DCHECK_FUNCTION_EXISTS=pthread_create    CMakeFiles/cmTryCompileExec529829851.dir/CheckFunctionExists.c.o  -o cmTryCompileExec529829851 -rdynamic -lpthreads 
/usr/bin/ld: cannot find -lpthreads
collect2: error: ld returned 1 exit status
CMakeFiles/cmTryCompileExec529829851.dir/build.make:88: recipe for target 'cmTryCompileExec529829851' failed
make[1]: *** [cmTryCompileExec529829851] Error 1
make[1]: Leaving directory '/home/karthik/git_repositories/NuLocale/build/CMakeFiles/CMakeTmp'
Makefile:118: recipe for target 'cmTryCompileExec529829851/fast' failed
make: *** [cmTryCompileExec529829851/fast] Error 2


